<?xml version="1.0" encoding="UTF-8"?>
<!-- Generated by org.testng.reporters.JUnitXMLReporter -->
<testsuite ignored="0" hostname="LAPTOP-PFIONNJC" failures="0" tests="3" name="Test" time="38.326" errors="0" timestamp="08 Oct 2020 17:21:00 GMT">
  <testcase classname="com.AutomationTalks.demoProject1.TestClass1" name="Test1" time="8.336"/>
  <testcase classname="com.AutomationTalks.demoProject1.TestClass1" name="Test2" time="5.639"/>
  <testcase classname="com.AutomationTalks.demoProject1.TestClass1" name="Test3" time="5.572"/>
</testsuite> <!-- Test -->
