<?xml version="1.0" encoding="UTF-8"?>
<!-- Generated by org.testng.reporters.JUnitXMLReporter -->
<testsuite ignored="0" hostname="LAPTOP-PFIONNJC" failures="0" tests="3" name="Test" time="42.136" errors="0" timestamp="08 Oct 2020 17:07:12 GMT">
  <testcase classname="com.AutomationTalks.demoProject1.TestClass1" name="Test1" time="9.44"/>
  <testcase classname="com.AutomationTalks.demoProject1.TestClass1" name="Test2" time="5.685"/>
  <testcase classname="com.AutomationTalks.demoProject1.TestClass1" name="Test3" time="5.099"/>
</testsuite> <!-- Test -->
