<?xml version="1.0" encoding="UTF-8"?>
<testng-results ignored="0" total="3" passed="3" failed="0" skipped="0">
  <reporter-output>
  </reporter-output>
  <suite started-at="2020-10-08T17:20:21Z" name="Suite" finished-at="2020-10-08T17:21:00Z" duration-ms="38326">
    <groups>
    </groups>
    <test started-at="2020-10-08T17:20:21Z" name="Test" finished-at="2020-10-08T17:21:00Z" duration-ms="38326">
      <class name="com.AutomationTalks.demoProject1.TestClass1">
        <test-method is-config="true" signature="launchDriver()[pri:0, instance:com.AutomationTalks.demoProject1.TestClass1@42e99e4a]" started-at="2020-10-08T17:20:21Z" name="launchDriver" finished-at="2020-10-08T17:20:29Z" duration-ms="7437" status="PASS">
          <reporter-output>
          </reporter-output>
        </test-method> <!-- launchDriver -->
        <test-method signature="Test1()[pri:0, instance:com.AutomationTalks.demoProject1.TestClass1@42e99e4a]" started-at="2020-10-08T17:20:29Z" name="Test1" finished-at="2020-10-08T17:20:37Z" duration-ms="8336" status="PASS">
          <reporter-output>
          </reporter-output>
        </test-method> <!-- Test1 -->
        <test-method is-config="true" signature="quit()[pri:0, instance:com.AutomationTalks.demoProject1.TestClass1@42e99e4a]" started-at="2020-10-08T17:20:37Z" name="quit" finished-at="2020-10-08T17:20:38Z" duration-ms="487" status="PASS">
          <reporter-output>
          </reporter-output>
        </test-method> <!-- quit -->
        <test-method is-config="true" signature="launchDriver()[pri:0, instance:com.AutomationTalks.demoProject1.TestClass1@42e99e4a]" started-at="2020-10-08T17:20:38Z" name="launchDriver" finished-at="2020-10-08T17:20:42Z" duration-ms="4635" status="PASS">
          <reporter-output>
          </reporter-output>
        </test-method> <!-- launchDriver -->
        <test-method signature="Test2()[pri:0, instance:com.AutomationTalks.demoProject1.TestClass1@42e99e4a]" started-at="2020-10-08T17:20:42Z" name="Test2" finished-at="2020-10-08T17:20:48Z" duration-ms="5639" status="PASS">
          <reporter-output>
          </reporter-output>
        </test-method> <!-- Test2 -->
        <test-method is-config="true" signature="quit()[pri:0, instance:com.AutomationTalks.demoProject1.TestClass1@42e99e4a]" started-at="2020-10-08T17:20:48Z" name="quit" finished-at="2020-10-08T17:20:49Z" duration-ms="657" status="PASS">
          <reporter-output>
          </reporter-output>
        </test-method> <!-- quit -->
        <test-method is-config="true" signature="launchDriver()[pri:0, instance:com.AutomationTalks.demoProject1.TestClass1@42e99e4a]" started-at="2020-10-08T17:20:49Z" name="launchDriver" finished-at="2020-10-08T17:20:54Z" duration-ms="4994" status="PASS">
          <reporter-output>
          </reporter-output>
        </test-method> <!-- launchDriver -->
        <test-method signature="Test3()[pri:0, instance:com.AutomationTalks.demoProject1.TestClass1@42e99e4a]" started-at="2020-10-08T17:20:54Z" name="Test3" finished-at="2020-10-08T17:20:59Z" duration-ms="5572" status="PASS">
          <reporter-output>
          </reporter-output>
        </test-method> <!-- Test3 -->
        <test-method is-config="true" signature="quit()[pri:0, instance:com.AutomationTalks.demoProject1.TestClass1@42e99e4a]" started-at="2020-10-08T17:20:59Z" name="quit" finished-at="2020-10-08T17:21:00Z" duration-ms="452" status="PASS">
          <reporter-output>
          </reporter-output>
        </test-method> <!-- quit -->
      </class> <!-- com.AutomationTalks.demoProject1.TestClass1 -->
    </test> <!-- Test -->
  </suite> <!-- Suite -->
</testng-results>
